0 info it worked if it ends with ok
1 verbose cli [ '/usr/local/Cellar/node/7.2.0/bin/node',
1 verbose cli   '/usr/local/bin/npm',
1 verbose cli   'install',
1 verbose cli   '--savedev',
1 verbose cli   'grpc_node_plugin' ]
2 info using npm@3.10.9
3 info using node@v7.2.0
4 silly loadCurrentTree Starting
5 silly install loadCurrentTree
6 silly install readLocalPackageData
7 silly fetchPackageMetaData grpc_node_plugin
8 silly fetchNamedPackageData grpc_node_plugin
9 silly mapToRegistry name grpc_node_plugin
10 silly mapToRegistry using default registry
11 silly mapToRegistry registry http://npm.invision.works/
12 silly mapToRegistry data Result {
12 silly mapToRegistry   raw: 'grpc_node_plugin',
12 silly mapToRegistry   scope: null,
12 silly mapToRegistry   escapedName: 'grpc_node_plugin',
12 silly mapToRegistry   name: 'grpc_node_plugin',
12 silly mapToRegistry   rawSpec: '',
12 silly mapToRegistry   spec: 'latest',
12 silly mapToRegistry   type: 'tag' }
13 silly mapToRegistry uri http://npm.invision.works/grpc_node_plugin
14 verbose request uri http://npm.invision.works/grpc_node_plugin
15 verbose request no auth needed
16 info attempt registry request try #1 at 7:09:46 AM
17 verbose request using bearer token for auth
18 verbose request id 578cd6238ea46beb
19 http request GET http://npm.invision.works/grpc_node_plugin
20 http 404 http://npm.invision.works/grpc_node_plugin
21 verbose headers { 'content-type': 'application/json; charset=utf-8',
21 verbose headers   date: 'Thu, 05 Jan 2017 15:09:46 GMT',
21 verbose headers   etag: 'W/"2b-d418f262"',
21 verbose headers   vary: 'Accept-Encoding',
21 verbose headers   'x-powered-by': 'Sinopia/1.4.0',
21 verbose headers   'x-status-cat': 'http://flic.kr/p/aV6juR',
21 verbose headers   'content-length': '43',
21 verbose headers   connection: 'keep-alive' }
22 silly get cb [ 404,
22 silly get   { 'content-type': 'application/json; charset=utf-8',
22 silly get     date: 'Thu, 05 Jan 2017 15:09:46 GMT',
22 silly get     etag: 'W/"2b-d418f262"',
22 silly get     vary: 'Accept-Encoding',
22 silly get     'x-powered-by': 'Sinopia/1.4.0',
22 silly get     'x-status-cat': 'http://flic.kr/p/aV6juR',
22 silly get     'content-length': '43',
22 silly get     connection: 'keep-alive' } ]
23 silly fetchPackageMetaData Error: no such package available : grpc_node_plugin
23 silly fetchPackageMetaData     at makeError (/usr/local/lib/node_modules/npm/node_modules/npm-registry-client/lib/request.js:302:12)
23 silly fetchPackageMetaData     at CachingRegistryClient.<anonymous> (/usr/local/lib/node_modules/npm/node_modules/npm-registry-client/lib/request.js:290:14)
23 silly fetchPackageMetaData     at Request._callback (/usr/local/lib/node_modules/npm/node_modules/npm-registry-client/lib/request.js:210:14)
23 silly fetchPackageMetaData     at Request.self.callback (/usr/local/lib/node_modules/npm/node_modules/request/request.js:187:22)
23 silly fetchPackageMetaData     at emitTwo (events.js:106:13)
23 silly fetchPackageMetaData     at Request.emit (events.js:191:7)
23 silly fetchPackageMetaData     at Request.<anonymous> (/usr/local/lib/node_modules/npm/node_modules/request/request.js:1048:10)
23 silly fetchPackageMetaData     at emitOne (events.js:96:13)
23 silly fetchPackageMetaData     at Request.emit (events.js:188:7)
23 silly fetchPackageMetaData     at IncomingMessage.<anonymous> (/usr/local/lib/node_modules/npm/node_modules/request/request.js:969:12)
23 silly fetchPackageMetaData  error for grpc_node_plugin { Error: no such package available : grpc_node_plugin
23 silly fetchPackageMetaData     at makeError (/usr/local/lib/node_modules/npm/node_modules/npm-registry-client/lib/request.js:302:12)
23 silly fetchPackageMetaData     at CachingRegistryClient.<anonymous> (/usr/local/lib/node_modules/npm/node_modules/npm-registry-client/lib/request.js:290:14)
23 silly fetchPackageMetaData     at Request._callback (/usr/local/lib/node_modules/npm/node_modules/npm-registry-client/lib/request.js:210:14)
23 silly fetchPackageMetaData     at Request.self.callback (/usr/local/lib/node_modules/npm/node_modules/request/request.js:187:22)
23 silly fetchPackageMetaData     at emitTwo (events.js:106:13)
23 silly fetchPackageMetaData     at Request.emit (events.js:191:7)
23 silly fetchPackageMetaData     at Request.<anonymous> (/usr/local/lib/node_modules/npm/node_modules/request/request.js:1048:10)
23 silly fetchPackageMetaData     at emitOne (events.js:96:13)
23 silly fetchPackageMetaData     at Request.emit (events.js:188:7)
23 silly fetchPackageMetaData     at IncomingMessage.<anonymous> (/usr/local/lib/node_modules/npm/node_modules/request/request.js:969:12) pkgid: 'grpc_node_plugin', statusCode: 404, code: 'E404' }
24 silly rollbackFailedOptional Starting
25 silly rollbackFailedOptional Finishing
26 silly runTopLevelLifecycles Finishing
27 silly install printInstalled
28 verbose stack Error: no such package available : grpc_node_plugin
28 verbose stack     at makeError (/usr/local/lib/node_modules/npm/node_modules/npm-registry-client/lib/request.js:302:12)
28 verbose stack     at CachingRegistryClient.<anonymous> (/usr/local/lib/node_modules/npm/node_modules/npm-registry-client/lib/request.js:290:14)
28 verbose stack     at Request._callback (/usr/local/lib/node_modules/npm/node_modules/npm-registry-client/lib/request.js:210:14)
28 verbose stack     at Request.self.callback (/usr/local/lib/node_modules/npm/node_modules/request/request.js:187:22)
28 verbose stack     at emitTwo (events.js:106:13)
28 verbose stack     at Request.emit (events.js:191:7)
28 verbose stack     at Request.<anonymous> (/usr/local/lib/node_modules/npm/node_modules/request/request.js:1048:10)
28 verbose stack     at emitOne (events.js:96:13)
28 verbose stack     at Request.emit (events.js:188:7)
28 verbose stack     at IncomingMessage.<anonymous> (/usr/local/lib/node_modules/npm/node_modules/request/request.js:969:12)
29 verbose statusCode 404
30 verbose pkgid grpc_node_plugin
31 verbose cwd /Users/jesse/go/src/github.com/jessedearing/grpc-poc/node
32 error Darwin 15.6.0
33 error argv "/usr/local/Cellar/node/7.2.0/bin/node" "/usr/local/bin/npm" "install" "--savedev" "grpc_node_plugin"
34 error node v7.2.0
35 error npm  v3.10.9
36 error code E404
37 error 404 no such package available : grpc_node_plugin
38 error 404
39 error 404 'grpc_node_plugin' is not in the npm registry.
40 error 404 You should bug the author to publish it (or use the name yourself!)
41 error 404 Note that you can also install from a
42 error 404 tarball, folder, http url, or git url.
43 verbose exit [ 1, true ]
